app/build/outputs/mapping/debug/seeds.txt
com.modea.quickstart.hybrid.android.JavascriptInterface: void sayHelloWorld()
com.modea.quickstart.hybrid.android.MainActivity
com.modea.quickstart.hybrid.android.MainActivity: MainActivity()
com.modea.quickstart.hybrid.android.R$anim: int abc_fade_in
com.modea.quickstart.hybrid.android.R$anim: int abc_fade_out
com.modea.quickstart.hybrid.android.R$anim: int abc_grow_fade_in_from_bottom
com.modea.quickstart.hybrid.android.R$anim: int abc_shrink_fade_out_from_bottom
com.modea.quickstart.hybrid.android.R$anim: int abc_slide_in_bottom
com.modea.quickstart.hybrid.android.R$anim: int abc_slide_in_top
com.modea.quickstart.hybrid.android.R$anim: int abc_slide_out_bottom
com.modea.quickstart.hybrid.android.R$anim: int abc_slide_out_top
com.modea.quickstart.hybrid.android.R$attr: int actionBarDivider
com.modea.quickstart.hybrid.android.R$attr: int actionBarItemBackground
com.modea.quickstart.hybrid.android.R$attr: int actionBarPopupTheme
com.modea.quickstart.hybrid.android.R$attr: int actionBarSize
com.modea.quickstart.hybrid.android.R$attr: int actionBarSplitStyle
com.modea.quickstart.hybrid.android.R$attr: int actionBarStyle
com.modea.quickstart.hybrid.android.R$attr: int actionBarTabBarStyle
com.modea.quickstart.hybrid.android.R$attr: int actionBarTabStyle
com.modea.quickstart.hybrid.android.R$attr: int actionBarTabTextStyle
com.modea.quickstart.hybrid.android.R$attr: int actionBarTheme
com.modea.quickstart.hybrid.android.R$attr: int actionBarWidgetTheme
com.modea.quickstart.hybrid.android.R$attr: int actionButtonStyle
com.modea.quickstart.hybrid.android.R$attr: int actionDropDownStyle
com.modea.quickstart.hybrid.android.R$attr: int actionLayout
com.modea.quickstart.hybrid.android.R$attr: int actionMenuTextAppearance
com.modea.quickstart.hybrid.android.R$attr: int actionMenuTextColor
com.modea.quickstart.hybrid.android.R$attr: int actionModeBackground
com.modea.quickstart.hybrid.android.R$attr: int actionModeCloseButtonStyle
com.modea.quickstart.hybrid.android.R$attr: int actionModeCloseDrawable
com.modea.quickstart.hybrid.android.R$attr: int actionModeCopyDrawable
com.modea.quickstart.hybrid.android.R$attr: int actionModeCutDrawable
com.modea.quickstart.hybrid.android.R$attr: int actionModeFindDrawable
com.modea.quickstart.hybrid.android.R$bool: int abc_action_bar_embed_tabs
com.modea.quickstart.hybrid.android.R$bool: int abc_action_bar_embed_tabs_pre_jb
com.modea.quickstart.hybrid.android.R$bool: int abc_action_bar_expanded_action_views_exclusive
com.modea.quickstart.hybrid.android.R$bool: int abc_config_actionMenuItemAllCaps
com.modea.quickstart.hybrid.android.R$bool: int abc_config_allowActionMenuItemTextWithIcon
com.modea.quickstart.hybrid.android.R$bool: int abc_config_showMenuShortcutsWhenKeyboardPresent
...
android.support.v7.internal.widget.ListViewCompat
android.support.v7.internal.widget.ListViewCompat: ListViewCompat(android.content.Context)
android.support.v7.internal.widget.ListViewCompat: ListViewCompat(android.content.Context,android.util.AttributeSet)
android.support.v7.internal.widget.ListViewCompat: ListViewCompat(android.content.Context,android.util.AttributeSet,int)
android.support.v7.internal.widget.ListViewCompat: void setSelector(android.graphics.drawable.Drawable)
android.support.v7.internal.widget.ListViewCompat: void setSelectorEnabled(boolean)
android.support.v7.internal.widget.NativeActionModeAwareLayout
android.support.v7.internal.widget.NativeActionModeAwareLayout: NativeActionModeAwareLayout(android.content.Context,android.util.AttributeSet)
android.support.v7.internal.widget.NativeActionModeAwareLayout: void setActionModeForChildListener(android.support.v7.internal.widget.NativeActionModeAwareLayout$OnActionModeForChildListener)
android.support.v7.internal.widget.ScrollingTabContainerView
android.support.v7.internal.widget.ScrollingTabContainerView: ScrollingTabContainerView(android.content.Context)
android.support.v7.internal.widget.ScrollingTabContainerView: void setAllowCollapse(boolean)
android.support.v7.internal.widget.ScrollingTabContainerView: void setTabSelected(int)
android.support.v7.internal.widget.ScrollingTabContainerView: void setContentHeight(int)
android.support.v7.internal.widget.SpinnerCompat$SavedState
android.support.v7.internal.widget.SpinnerCompat$SavedState: android.os.Parcelable$Creator CREATOR
android.support.v7.internal.widget.TintAutoCompleteTextView
android.support.v7.internal.widget.TintAutoCompleteTextView: TintAutoCompleteTextView(android.content.Context)
android.support.v7.internal.widget.TintAutoCompleteTextView: TintAutoCompleteTextView(android.content.Context,android.util.AttributeSet)
android.support.v7.internal.widget.TintAutoCompleteTextView: TintAutoCompleteTextView(android.content.Context,android.util.AttributeSet,int)
android.support.v7.internal.widget.TintAutoCompleteTextView: void setDropDownBackgroundResource(int)
android.support.v7.internal.widget.TintButton
android.support.v7.internal.widget.TintButton: TintButton(android.content.Context)
android.support.v7.internal.widget.TintButton: TintButton(android.content.Context,android.util.AttributeSet)
android.support.v7.internal.widget.TintButton: TintButton(android.content.Context,android.util.AttributeSet,int)
android.support.v7.internal.widget.TintButton: void setBackgroundResource(int)
android.support.v7.internal.widget.TintCheckBox
android.support.v7.internal.widget.TintCheckBox: TintCheckBox(android.content.Context)
android.support.v7.internal.widget.TintCheckBox: TintCheckBox(android.content.Context,android.util.AttributeSet)
android.support.v7.internal.widget.TintCheckBox: TintCheckBox(android.content.Context,android.util.AttributeSet,int)
android.support.v7.internal.widget.TintCheckBox: void setButtonDrawable(int)
android.support.v7.internal.widget.TintCheckedTextView
android.support.v7.internal.widget.TintCheckedTextView: TintCheckedTextView(android.content.Context)
android.support.v7.internal.widget.TintCheckedTextView: TintCheckedTextView(android.content.Context,android.util.AttributeSet)
android.support.v7.internal.widget.TintCheckedTextView: TintCheckedTextView(android.content.Context,android.util.AttributeSet,int)
android.support.v7.internal.widget.TintCheckedTextView: void setCheckMarkDrawable(int)
android.support.v7.internal.widget.TintEditText
android.support.v7.internal.widget.TintEditText: TintEditText(android.content.Context)
android.support.v7.internal.widget.TintEditText: TintEditText(android.content.Context,android.util.AttributeSet)
android.support.v7.internal.widget.TintEditText: TintEditText(android.content.Context,android.util.AttributeSet,int)