app/build/outputs/mapping/debug/mapping.txt
com.modea.quickstart.hybrid.android.JavascriptInterface -> com.modea.quickstart.hybrid.android.a:
    android.content.Context context -> a
    void <init>(android.content.Context) -> <init>
    void sayHelloWorld() -> sayHelloWorld
    android.content.Context access$000(com.modea.quickstart.hybrid.android.JavascriptInterface) -> a
com.modea.quickstart.hybrid.android.JavascriptInterface$1 -> com.modea.quickstart.hybrid.android.b:
    com.modea.quickstart.hybrid.android.JavascriptInterface val$thisJavascriptInterface -> a
    com.modea.quickstart.hybrid.android.JavascriptInterface this$0 -> b
    void <init>(com.modea.quickstart.hybrid.android.JavascriptInterface,com.modea.quickstart.hybrid.android.JavascriptInterface) -> <init>
    void run() -> run
com.modea.quickstart.hybrid.android.MainActivity -> com.modea.quickstart.hybrid.android.MainActivity:
    void <init>() -> <init>
    void onCreate(android.os.Bundle) -> onCreate
    void removeTitleBar() -> a
    void removeNotificationBar() -> b
    void setupWebView(android.webkit.WebView) -> a
    void enableChromeDebuggingOnWebView() -> c
    void configureWebSettingsOnWebView(android.webkit.WebView) -> b
    void addJavascriptInterfaceToWebView(android.webkit.WebView) -> c
    void handleJavascriptAlertsByWebView(android.webkit.WebView) -> d
    void loadWebView(android.webkit.WebView) -> e
    java.lang.String getIndexHtmlFileContents() -> d
com.modea.quickstart.hybrid.android.MainActivity$1 -> com.modea.quickstart.hybrid.android.c:
    com.modea.quickstart.hybrid.android.MainActivity this$0 -> a
    void <init>(com.modea.quickstart.hybrid.android.MainActivity) -> <init>
    boolean onJsAlert(android.webkit.WebView,java.lang.String,java.lang.String,android.webkit.JsResult) -> onJsAlert
com.modea.quickstart.hybrid.android.MainActivity$1$1 -> com.modea.quickstart.hybrid.android.d:
    android.webkit.JsResult val$result -> a
    com.modea.quickstart.hybrid.android.MainActivity$1 this$1 -> b
    void <init>(com.modea.quickstart.hybrid.android.MainActivity$1,android.webkit.JsResult) -> <init>
    void onClick(android.content.DialogInterface,int) -> onClick
...
android.support.v4.view.accessibility.AccessibilityNodeInfoCompat -> android.support.v4.view.a.a:
    android.support.v4.view.accessibility.AccessibilityNodeInfoCompat$AccessibilityNodeInfoImpl IMPL -> a
    java.lang.Object mInfo -> b
    android.support.v4.view.accessibility.AccessibilityNodeInfoCompat wrapNonNullInstance(java.lang.Object) -> a
    void <init>(java.lang.Object) -> <init>
    java.lang.Object getInfo() -> a
    android.support.v4.view.accessibility.AccessibilityNodeInfoCompat obtain(android.support.v4.view.accessibility.AccessibilityNodeInfoCompat) -> a
    void setSource(android.view.View) -> a
    void addChild(android.view.View) -> b
    int getActions() -> b
    void addAction(int) -> a
    void setMovementGranularities(int) -> b
    int getMovementGranularities() -> c
    void setParent(android.view.View) -> c
    void getBoundsInParent(android.graphics.Rect) -> a
    void setBoundsInParent(android.graphics.Rect) -> b
    void getBoundsInScreen(android.graphics.Rect) -> c
    void setBoundsInScreen(android.graphics.Rect) -> d
    boolean isCheckable() -> d
    boolean isChecked() -> e
    boolean isFocusable() -> f
    void setFocusable(boolean) -> a
    boolean isFocused() -> g
    void setFocused(boolean) -> b
    boolean isVisibleToUser() -> h
    void setVisibleToUser(boolean) -> c
    boolean isAccessibilityFocused() -> i
    void setAccessibilityFocused(boolean) -> d
    boolean isSelected() -> j
    void setSelected(boolean) -> e
android.support.v4.view.accessibility.AccessibilityNodeInfoCompat$AccessibilityNodeInfoApi21Impl -> android.support.v4.view.a.b:
    void <init>() -> <init>
android.support.v4.view.accessibility.AccessibilityNodeInfoCompat$AccessibilityNodeInfoApi22Impl -> android.support.v4.view.a.c:
    void <init>() -> <init>
android.support.v4.view.accessibility.AccessibilityNodeInfoCompat$AccessibilityNodeInfoIcsImpl -> android.support.v4.view.a.d:
    void <init>() -> <init>
    java.lang.Object obtain(java.lang.Object) -> a
    void addAction(java.lang.Object,int) -> a
    void addChild(java.lang.Object,android.view.View) -> a
    int getActions(java.lang.Object) -> b
    void getBoundsInParent(java.lang.Object,android.graphics.Rect) -> a
    void getBoundsInScreen(java.lang.Object,android.graphics.Rect) -> b
    java.lang.CharSequence getClassName(java.lang.Object) -> c
    java.lang.CharSequence getContentDescription(java.lang.Object) -> d
    java.lang.CharSequence getPackageName(java.lang.Object) -> e
    java.lang.CharSequence getText(java.lang.Object) -> f
    boolean isCheckable(java.lang.Object) -> g
    boolean isChecked(java.lang.Object) -> h
    boolean isClickable(java.lang.Object) -> i
    boolean isEnabled(java.lang.Object) -> j
    boolean isFocusable(java.lang.Object) -> k
    boolean isFocused(java.lang.Object) -> l
    boolean isLongClickable(java.lang.Object) -> m
    boolean isPassword(java.lang.Object) -> n
    boolean isScrollable(java.lang.Object) -> o
    boolean isSelected(java.lang.Object) -> p
    void setBoundsInParent(java.lang.Object,android.graphics.Rect) -> c
    void setBoundsInScreen(java.lang.Object,android.graphics.Rect) -> d
    void setClassName(java.lang.Object,java.lang.CharSequence) -> a
    void setClickable(java.lang.Object,boolean) -> a