app/build/outputs/mapping/debug/usage.txt
com.modea.quickstart.hybrid.android.BuildConfig
com.modea.quickstart.hybrid.android.MainActivity:
    private static final java.lang.String TAG
com.modea.quickstart.hybrid.android.R
com.modea.quickstart.hybrid.android.R$anim
com.modea.quickstart.hybrid.android.R$attr
com.modea.quickstart.hybrid.android.R$bool
com.modea.quickstart.hybrid.android.R$color
com.modea.quickstart.hybrid.android.R$dimen
com.modea.quickstart.hybrid.android.R$drawable
com.modea.quickstart.hybrid.android.R$id
com.modea.quickstart.hybrid.android.R$integer
com.modea.quickstart.hybrid.android.R$layout
com.modea.quickstart.hybrid.android.R$mipmap
com.modea.quickstart.hybrid.android.R$string
com.modea.quickstart.hybrid.android.R$style
com.modea.quickstart.hybrid.android.R$styleable
...
android.support.v4.view.accessibility.AccessibilityEventCompat$AccessibilityEventIcsImpl
android.support.v4.view.accessibility.AccessibilityEventCompat$AccessibilityEventStubImpl
android.support.v4.view.accessibility.AccessibilityEventCompat$AccessibilityEventVersionImpl
android.support.v4.view.accessibility.AccessibilityEventCompatIcs
android.support.v4.view.accessibility.AccessibilityManagerCompat
android.support.v4.view.accessibility.AccessibilityManagerCompat$AccessibilityManagerIcsImpl
android.support.v4.view.accessibility.AccessibilityManagerCompat$AccessibilityManagerIcsImpl$1
android.support.v4.view.accessibility.AccessibilityManagerCompat$AccessibilityManagerStubImpl
android.support.v4.view.accessibility.AccessibilityManagerCompat$AccessibilityManagerVersionImpl
android.support.v4.view.accessibility.AccessibilityManagerCompat$AccessibilityStateChangeListenerCompat
android.support.v4.view.accessibility.AccessibilityManagerCompatIcs
android.support.v4.view.accessibility.AccessibilityManagerCompatIcs$1
android.support.v4.view.accessibility.AccessibilityManagerCompatIcs$AccessibilityStateChangeListenerBridge
android.support.v4.view.accessibility.AccessibilityNodeInfoCompat:
    public static final int ACTION_FOCUS
    public static final int ACTION_CLEAR_FOCUS
    public static final int ACTION_SELECT
    public static final int ACTION_CLEAR_SELECTION
    public static final int ACTION_CLICK
    public static final int ACTION_LONG_CLICK
    public static final int ACTION_ACCESSIBILITY_FOCUS
    public static final int ACTION_CLEAR_ACCESSIBILITY_FOCUS
    public static final int ACTION_NEXT_AT_MOVEMENT_GRANULARITY
    public static final int ACTION_PREVIOUS_AT_MOVEMENT_GRANULARITY
    public static final int ACTION_NEXT_HTML_ELEMENT
    public static final int ACTION_PREVIOUS_HTML_ELEMENT
    public static final int ACTION_SCROLL_FORWARD
    public static final int ACTION_SCROLL_BACKWARD
    public static final int ACTION_COPY
    public static final int ACTION_PASTE
    public static final int ACTION_CUT
    public static final int ACTION_SET_SELECTION
    public static final int ACTION_SET_TEXT
    public static final java.lang.String ACTION_ARGUMENT_MOVEMENT_GRANULARITY_INT
    public static final java.lang.String ACTION_ARGUMENT_HTML_ELEMENT_STRING
    public static final java.lang.String ACTION_ARGUMENT_EXTEND_SELECTION_BOOLEAN
    public static final java.lang.String ACTION_ARGUMENT_SELECTION_START_INT
    public static final java.lang.String ACTION_ARGUMENT_SELECTION_END_INT
    public static final java.lang.String ACTION_ARGUMENT_SET_TEXT_CHARSEQUENCE
android.support.v4.view.accessibility.AccessibilityNodeInfoCompat$1
android.support.v4.view.accessibility.AccessibilityNodeInfoCompat$AccessibilityActionCompat
android.support.v4.view.accessibility.AccessibilityNodeInfoCompat$AccessibilityNodeInfoApi21Impl:
    1148:1148:public java.lang.Object newAccessibilityAction(int,java.lang.CharSequence)
    1153:1153:public java.util.List getActionList(java.lang.Object)
    1159:1159:public java.lang.Object obtainCollectionInfo(int,int,boolean,int)
    1165:1166:public void addAction(java.lang.Object,java.lang.Object)
    1170:1170:public int getAccessibilityActionId(java.lang.Object)
    1175:1175:public java.lang.CharSequence getAccessibilityActionLabel(java.lang.Object)
    1181:1181:public java.lang.Object obtainCollectionItemInfo(int,int,int,int,boolean,boolean)
    1187:1187:public boolean isCollectionItemSelected(java.lang.Object)